{"level":"info","time":"2022-05-02T21:08:20Z","message":"[youtube] YaEG2aWJnZ8: Downloading webpage"}
{"level":"info","time":"2022-05-02T21:08:20Z","message":"[youtube] YaEG2aWJnZ8: Downloading android player API JSON"}
{"level":"info","time":"2022-05-02T21:08:20Z","message":"[info] YaEG2aWJnZ8: Downloading 1 format(s): 251"}
{"level":"info","time":"2022-05-02T21:08:20Z","message":"[info] Downloading video thumbnail 41 ..."}
{"level":"info","time":"2022-05-02T21:08:20Z","message":"[info] Writing video thumbnail 41 to: Sia - Unstoppable (Official Video - Live from the Nostalgic For The Present Tour).webp"}
{"level":"info","time":"2022-05-02T21:08:20Z","message":"[download] Destination: Sia - Unstoppable (Official Video - Live from the Nostalgic For The Present Tour).webm"}
{"level":"info","time":"2022-05-02T21:08:21Z","message":"\r[download]   0.0% of 3.45MiB at 344.30KiB/s ETA 00:10\r[download]   0.1% of 3.45MiB at 925.42KiB/s ETA 00:03\r[download]   0.2% of 3.45MiB at  1.99MiB/s ETA 00:01 \r[download]   0.4% of 3.45MiB at  3.97MiB/s ETA 00:00\r[download]   0.9% of 3.45MiB at  1.81MiB/s ETA 00:01\r[download]   1.8% of 3.45MiB at  2.21MiB/s ETA 00:01\r[download]   3.6% of 3.45MiB at  2.86MiB/s ETA 00:01\r[download]   7.2% of 3.45MiB at  4.13MiB/s ETA 00:00\r[download]  14.5% of 3.45MiB at  6.52MiB/s ETA 00:00\r[download]  29.0% of 3.45MiB at 10.63MiB/s ETA 00:00\r[download]  58.0% of 3.45MiB at 17.98MiB/s ETA 00:00\r[download] 100% of 3.45MiB at 27.74MiB/s ETA 00:00  \r[download] 100% of 3.45MiB in 00:00               "}
{"level":"info","time":"2022-05-02T21:08:21Z","message":"[ExtractAudio] Destination: Sia - Unstoppable (Official Video - Live from the Nostalgic For The Present Tour).mp3"}
{"level":"info","time":"2022-05-02T21:08:27Z","message":"Deleting original file Sia - Unstoppable (Official Video - Live from the Nostalgic For The Present Tour).webm (pass -k to keep)"}
{"level":"info","time":"2022-05-02T21:08:27Z","message":"[Metadata] Adding metadata to \"Sia - Unstoppable (Official Video - Live from the Nostalgic For The Present Tour).mp3\""}
{"level":"info","time":"2022-05-02T21:08:27Z","message":"[ThumbnailsConvertor] Converting thumbnail \"Sia - Unstoppable (Official Video - Live from the Nostalgic For The Present Tour).webp\" to png"}
{"level":"info","time":"2022-05-02T21:08:27Z","message":"[EmbedThumbnail] ffmpeg: Adding thumbnail to \"Sia - Unstoppable (Official Video - Live from the Nostalgic For The Present Tour).mp3\""}
{"level":"info","time":"2022-05-02T21:08:27Z","message":"Deleting original file Sia - Unstoppable (Official Video - Live from the Nostalgic For The Present Tour).webp (pass -k to keep)"}
{"level":"info","time":"2022-05-02T21:08:27Z","message":"Deleting original file Sia - Unstoppable (Official Video - Live from the Nostalgic For The Present Tour).png (pass -k to keep)"}
{"level":"info","time":"2022-05-02T21:08:29Z","message":"[youtube] f-g_SHNv5NI: Downloading webpage"}
{"level":"info","time":"2022-05-02T21:08:30Z","message":"[youtube] f-g_SHNv5NI: Downloading android player API JSON"}
{"level":"info","time":"2022-05-02T21:08:30Z","message":"[info] f-g_SHNv5NI: Downloading 1 format(s): 251"}
{"level":"info","time":"2022-05-02T21:08:30Z","message":"[info] Downloading video thumbnail 41 ..."}
{"level":"info","time":"2022-05-02T21:08:30Z","message":"[info] Writing video thumbnail 41 to: The Weeknd - Save Your Tears | In Your Eyes (Live on The 2020 American Music Awards).webp"}
{"level":"info","time":"2022-05-02T21:08:30Z","message":"[download] Destination: The Weeknd - Save Your Tears | In Your Eyes (Live on The 2020 American Music Awards).webm"}
{"level":"info","time":"2022-05-02T21:08:31Z","message":"\r[download]   0.0% of 3.64MiB at 208.22KiB/s ETA 00:17\r[download]   0.1% of 3.64MiB at 574.69KiB/s ETA 00:06\r[download]   0.2% of 3.64MiB at  1.27MiB/s ETA 00:02 \r[download]   0.4% of 3.64MiB at  2.62MiB/s ETA 00:01\r[download]   0.8% of 3.64MiB at  1.49MiB/s ETA 00:02\r[download]   1.7% of 3.64MiB at  1.82MiB/s ETA 00:01\r[download]   3.4% of 3.64MiB at  2.51MiB/s ETA 00:01\r[download]   6.8% of 3.64MiB at  3.82MiB/s ETA 00:00\r[download]  13.7% of 3.64MiB at  6.14MiB/s ETA 00:00\r[download]  27.5% of 3.64MiB at 10.15MiB/s ETA 00:00\r[download]  55.0% of 3.64MiB at  5.36MiB/s ETA 00:00\r[download] 100% of 3.64MiB at  9.52MiB/s ETA 00:00  \r[download] 100% of 3.64MiB in 00:00               "}
{"level":"info","time":"2022-05-02T21:08:31Z","message":"[ExtractAudio] Destination: The Weeknd - Save Your Tears | In Your Eyes (Live on The 2020 American Music Awards).mp3"}
{"level":"info","time":"2022-05-02T21:08:37Z","message":"Deleting original file The Weeknd - Save Your Tears | In Your Eyes (Live on The 2020 American Music Awards).webm (pass -k to keep)"}
{"level":"info","time":"2022-05-02T21:08:37Z","message":"[Metadata] Adding metadata to \"The Weeknd - Save Your Tears | In Your Eyes (Live on The 2020 American Music Awards).mp3\""}
{"level":"info","time":"2022-05-02T21:08:37Z","message":"[ThumbnailsConvertor] Converting thumbnail \"The Weeknd - Save Your Tears | In Your Eyes (Live on The 2020 American Music Awards).webp\" to png"}
{"level":"info","time":"2022-05-02T21:08:37Z","message":"[EmbedThumbnail] ffmpeg: Adding thumbnail to \"The Weeknd - Save Your Tears | In Your Eyes (Live on The 2020 American Music Awards).mp3\""}
{"level":"info","time":"2022-05-02T21:08:37Z","message":"Deleting original file The Weeknd - Save Your Tears | In Your Eyes (Live on The 2020 American Music Awards).png (pass -k to keep)"}
{"level":"info","time":"2022-05-02T21:08:37Z","message":"Deleting original file The Weeknd - Save Your Tears | In Your Eyes (Live on The 2020 American Music Awards).webp (pass -k to keep)"}
{"level":"info","time":"2022-05-02T21:08:39Z","message":"[youtube] fHI8X4OXluQ: Downloading webpage"}
{"level":"info","time":"2022-05-02T21:08:40Z","message":"[youtube] fHI8X4OXluQ: Downloading android player API JSON"}
{"level":"info","time":"2022-05-02T21:08:40Z","message":"[info] fHI8X4OXluQ: Downloading 1 format(s): 251"}
{"level":"info","time":"2022-05-02T21:08:40Z","message":"[info] Downloading video thumbnail 41 ..."}
{"level":"info","time":"2022-05-02T21:08:40Z","message":"[info] Writing video thumbnail 41 to: The Weeknd - Blinding Lights (Official Audio).webp"}
{"level":"info","time":"2022-05-02T21:08:40Z","message":"[download] Destination: The Weeknd - Blinding Lights (Official Audio).webm"}
{"level":"info","time":"2022-05-02T21:08:40Z","message":"\r[download]   0.0% of 3.19MiB at 137.28KiB/s ETA 00:23\r[download]   0.1% of 3.19MiB at 390.53KiB/s ETA 00:08\r[download]   0.2% of 3.19MiB at 881.71KiB/s ETA 00:03\r[download]   0.5% of 3.19MiB at  1.79MiB/s ETA 00:01 \r[download]   0.9% of 3.19MiB at  1.21MiB/s ETA 00:02\r[download]   1.9% of 3.19MiB at  1.50MiB/s ETA 00:02\r[download]   3.9% of 3.19MiB at  2.04MiB/s ETA 00:01\r[download]   7.8% of 3.19MiB at  3.14MiB/s ETA 00:00\r[download]  15.7% of 3.19MiB at  5.05MiB/s ETA 00:00\r[download]  31.3% of 3.19MiB at  8.41MiB/s ETA 00:00\r[download]  62.7% of 3.19MiB at 14.34MiB/s ETA 00:00\r[download] 100% of 3.19MiB at 20.95MiB/s ETA 00:00  \r[download] 100% of 3.19MiB in 00:00               "}
{"level":"info","time":"2022-05-02T21:08:40Z","message":"[ExtractAudio] Destination: The Weeknd - Blinding Lights (Official Audio).mp3"}
{"level":"info","time":"2022-05-02T21:08:45Z","message":"Deleting original file The Weeknd - Blinding Lights (Official Audio).webm (pass -k to keep)"}
{"level":"info","time":"2022-05-02T21:08:45Z","message":"[Metadata] Adding metadata to \"The Weeknd - Blinding Lights (Official Audio).mp3\""}
{"level":"info","time":"2022-05-02T21:08:45Z","message":"[ThumbnailsConvertor] Converting thumbnail \"The Weeknd - Blinding Lights (Official Audio).webp\" to png"}
{"level":"info","time":"2022-05-02T21:08:45Z","message":"[EmbedThumbnail] ffmpeg: Adding thumbnail to \"The Weeknd - Blinding Lights (Official Audio).mp3\""}
{"level":"info","time":"2022-05-02T21:08:46Z","message":"Deleting original file The Weeknd - Blinding Lights (Official Audio).webp (pass -k to keep)"}
{"level":"info","time":"2022-05-02T21:08:46Z","message":"Deleting original file The Weeknd - Blinding Lights (Official Audio).png (pass -k to keep)"}
{"level":"info","time":"2022-05-02T21:08:48Z","message":"[youtube] qFLhGq0060w: Downloading webpage"}
{"level":"info","time":"2022-05-02T21:08:48Z","message":"[youtube] qFLhGq0060w: Downloading android player API JSON"}
{"level":"info","time":"2022-05-02T21:08:48Z","message":"[info] qFLhGq0060w: Downloading 1 format(s): 251"}
{"level":"info","time":"2022-05-02T21:08:48Z","message":"[info] Downloading video thumbnail 41 ..."}
{"level":"info","time":"2022-05-02T21:08:48Z","message":"[info] Writing video thumbnail 41 to: The Weeknd - I Feel It Coming ft. Daft Punk (Official Video).webp"}
{"level":"info","time":"2022-05-02T21:08:49Z","message":"[download] Destination: The Weeknd - I Feel It Coming ft. Daft Punk (Official Video).webm"}
{"level":"info","time":"2022-05-02T21:08:49Z","message":"\r[download]   0.0% of 4.71MiB at 242.17KiB/s ETA 00:20\r[download]   0.1% of 4.71MiB at 662.43KiB/s ETA 00:07\r[download]   0.1% of 4.71MiB at  1.43MiB/s ETA 00:03 \r[download]   0.3% of 4.71MiB at  2.92MiB/s ETA 00:01\r[download]   0.6% of 4.71MiB at  1.51MiB/s ETA 00:03\r[download]   1.3% of 4.71MiB at  1.65MiB/s ETA 00:02\r[download]   2.6% of 4.71MiB at  2.17MiB/s ETA 00:02\r[download]   5.3% of 4.71MiB at  3.25MiB/s ETA 00:01\r[download]  10.6% of 4.71MiB at  5.11MiB/s ETA 00:00\r[download]  21.2% of 4.71MiB at  8.44MiB/s ETA 00:00\r[download]  42.4% of 4.71MiB at 14.35MiB/s ETA 00:00\r[download]  84.9% of 4.71MiB at 24.92MiB/s ETA 00:00\r[download] 100% of 4.71MiB at 28.38MiB/s ETA 00:00  \r[download] 100% of 4.71MiB in 00:00               "}
{"level":"info","time":"2022-05-02T21:08:49Z","message":"[ExtractAudio] Destination: The Weeknd - I Feel It Coming ft. Daft Punk (Official Video).mp3"}
{"level":"info","time":"2022-05-02T21:08:56Z","message":"Deleting original file The Weeknd - I Feel It Coming ft. Daft Punk (Official Video).webm (pass -k to keep)"}
{"level":"info","time":"2022-05-02T21:08:56Z","message":"[Metadata] Adding metadata to \"The Weeknd - I Feel It Coming ft. Daft Punk (Official Video).mp3\""}
{"level":"info","time":"2022-05-02T21:08:56Z","message":"[ThumbnailsConvertor] Converting thumbnail \"The Weeknd - I Feel It Coming ft. Daft Punk (Official Video).webp\" to png"}
{"level":"info","time":"2022-05-02T21:08:56Z","message":"[EmbedThumbnail] ffmpeg: Adding thumbnail to \"The Weeknd - I Feel It Coming ft. Daft Punk (Official Video).mp3\""}
{"level":"info","time":"2022-05-02T21:08:56Z","message":"Deleting original file The Weeknd - I Feel It Coming ft. Daft Punk (Official Video).png (pass -k to keep)"}
{"level":"info","time":"2022-05-02T21:08:56Z","message":"Deleting original file The Weeknd - I Feel It Coming ft. Daft Punk (Official Video).webp (pass -k to keep)"}
{"level":"info","time":"2022-05-02T21:08:59Z","message":"[youtube] LIIDh-qI9oI: Downloading webpage"}
{"level":"info","time":"2022-05-02T21:08:59Z","message":"[youtube] LIIDh-qI9oI: Downloading android player API JSON"}
{"level":"info","time":"2022-05-02T21:08:59Z","message":"[info] LIIDh-qI9oI: Downloading 1 format(s): 251"}
{"level":"info","time":"2022-05-02T21:08:59Z","message":"[info] Downloading video thumbnail 41 ..."}
{"level":"info","time":"2022-05-02T21:08:59Z","message":"[info] Writing video thumbnail 41 to: The Weeknd & Ariana Grande - Save Your Tears (Remix) (Official Video).webp"}
{"level":"info","time":"2022-05-02T21:09:00Z","message":"[download] Destination: The Weeknd & Ariana Grande - Save Your Tears (Remix) (Official Video).webm"}
{"level":"info","time":"2022-05-02T21:09:00Z","message":"\r[download]   0.0% of 3.20MiB at 52.12KiB/s ETA 01:02\r[download]   0.1% of 3.20MiB at 153.48KiB/s ETA 00:21\r[download]   0.2% of 3.20MiB at 354.42KiB/s ETA 00:09\r[download]   0.5% of 3.20MiB at 751.68KiB/s ETA 00:04\r[download]   0.9% of 3.20MiB at  1.21MiB/s ETA 00:02 \r[download]   1.9% of 3.20MiB at  1.39MiB/s ETA 00:02\r[download]   3.9% of 3.20MiB at  1.95MiB/s ETA 00:01\r[download]   7.8% of 3.20MiB at  2.94MiB/s ETA 00:01\r[download]  15.6% of 3.20MiB at  4.19MiB/s ETA 00:00\r[download]  31.2% of 3.20MiB at  6.89MiB/s ETA 00:00\r[download]  62.4% of 3.20MiB at 10.50MiB/s ETA 00:00\r[download] 100% of 3.20MiB at 13.62MiB/s ETA 00:00  \r[download] 100% of 3.20MiB in 00:00               "}
{"level":"info","time":"2022-05-02T21:09:00Z","message":"[ExtractAudio] Destination: The Weeknd & Ariana Grande - Save Your Tears (Remix) (Official Video).mp3"}
{"level":"info","time":"2022-05-02T21:09:05Z","message":"Deleting original file The Weeknd & Ariana Grande - Save Your Tears (Remix) (Official Video).webm (pass -k to keep)"}
{"level":"info","time":"2022-05-02T21:09:05Z","message":"[Metadata] Adding metadata to \"The Weeknd & Ariana Grande - Save Your Tears (Remix) (Official Video).mp3\""}
{"level":"info","time":"2022-05-02T21:09:05Z","message":"[ThumbnailsConvertor] Converting thumbnail \"The Weeknd & Ariana Grande - Save Your Tears (Remix) (Official Video).webp\" to png"}
{"level":"info","time":"2022-05-02T21:09:05Z","message":"[EmbedThumbnail] ffmpeg: Adding thumbnail to \"The Weeknd & Ariana Grande - Save Your Tears (Remix) (Official Video).mp3\""}
{"level":"info","time":"2022-05-02T21:09:05Z","message":"Deleting original file The Weeknd & Ariana Grande - Save Your Tears (Remix) (Official Video).png (pass -k to keep)"}
{"level":"info","time":"2022-05-02T21:09:05Z","message":"Deleting original file The Weeknd & Ariana Grande - Save Your Tears (Remix) (Official Video).webp (pass -k to keep)"}
