{"level":"info","time":"2022-05-03T04:02:23+05:00","message":"[youtube] GIG38MD_l3k: Downloading webpage"}
{"level":"info","time":"2022-05-03T04:02:26+05:00","message":"[youtube] GIG38MD_l3k: Downloading android player API JSON"}
{"level":"info","time":"2022-05-03T04:02:27+05:00","message":"[info] GIG38MD_l3k: Downloading 1 format(s): 251"}
{"level":"info","time":"2022-05-03T04:02:27+05:00","message":"[info] Downloading video thumbnail 41 ..."}
{"level":"info","time":"2022-05-03T04:02:27+05:00","message":"[info] Writing video thumbnail 41 to: Can't Take My Eyes Off You - Frankie Valli x Lauryn Hill (Joseph Vincent Cover).webp"}
{"level":"info","time":"2022-05-03T04:02:28+05:00","message":"[download] Destination: Can't Take My Eyes Off You - Frankie Valli x Lauryn Hill (Joseph Vincent Cover).webm"}
{"level":"info","time":"2022-05-03T04:02:29+05:00","message":"\r[download]   0.0% of 2.60MiB at 256.94KiB/s ETA 00:10\r[download]   0.1% of 2.60MiB at 638.99KiB/s ETA 00:04\r[download]   0.3% of 2.60MiB at  1.31MiB/s ETA 00:01 \r[download]   0.6% of 2.60MiB at  2.58MiB/s ETA 00:01\r[download]   1.2% of 2.60MiB at  4.82MiB/s ETA 00:00\r[download]   2.4% of 2.60MiB at  5.30MiB/s ETA 00:00\r[download]   4.8% of 2.60MiB at  5.64MiB/s ETA 00:00\r[download]   9.6% of 2.60MiB at  5.03MiB/s ETA 00:00\r[download]  19.2% of 2.60MiB at  4.62MiB/s ETA 00:00\r[download]  38.5% of 2.60MiB at  5.25MiB/s ETA 00:00\r[download]  77.0% of 2.60MiB at  3.37MiB/s ETA 00:00\r[download] 100% of 2.60MiB at  2.44MiB/s ETA 00:00  \r[download] 100% of 2.60MiB in 00:01               "}
{"level":"info","time":"2022-05-03T04:02:29+05:00","message":"[ExtractAudio] Destination: Can't Take My Eyes Off You - Frankie Valli x Lauryn Hill (Joseph Vincent Cover).mp3"}
{"level":"info","time":"2022-05-03T04:02:31+05:00","message":"Deleting original file Can't Take My Eyes Off You - Frankie Valli x Lauryn Hill (Joseph Vincent Cover).webm (pass -k to keep)"}
{"level":"info","time":"2022-05-03T04:02:31+05:00","message":"[Metadata] Adding metadata to \"Can't Take My Eyes Off You - Frankie Valli x Lauryn Hill (Joseph Vincent Cover).mp3\""}
{"level":"info","time":"2022-05-03T04:02:31+05:00","message":"[ThumbnailsConvertor] Converting thumbnail \"Can't Take My Eyes Off You - Frankie Valli x Lauryn Hill (Joseph Vincent Cover).webp\" to png"}
{"level":"info","time":"2022-05-03T04:02:31+05:00","message":"[EmbedThumbnail] ffmpeg: Adding thumbnail to \"Can't Take My Eyes Off You - Frankie Valli x Lauryn Hill (Joseph Vincent Cover).mp3\""}
{"level":"info","time":"2022-05-03T04:02:31+05:00","message":"Deleting original file Can't Take My Eyes Off You - Frankie Valli x Lauryn Hill (Joseph Vincent Cover).webp (pass -k to keep)"}
{"level":"info","time":"2022-05-03T04:02:31+05:00","message":"Deleting original file Can't Take My Eyes Off You - Frankie Valli x Lauryn Hill (Joseph Vincent Cover).png (pass -k to keep)"}
{"level":"info","time":"2022-05-03T04:02:36+05:00","message":"[youtube] KxCjVIFxZNo: Downloading webpage"}
{"level":"info","time":"2022-05-03T04:02:39+05:00","message":"[youtube] KxCjVIFxZNo: Downloading android player API JSON"}
{"level":"info","time":"2022-05-03T04:02:41+05:00","message":"[info] KxCjVIFxZNo: Downloading 1 format(s): 251"}
{"level":"info","time":"2022-05-03T04:02:41+05:00","message":"[info] Downloading video thumbnail 41 ..."}
{"level":"info","time":"2022-05-03T04:02:42+05:00","message":"[info] Writing video thumbnail 41 to: Lat Lag Gayee Lyrical - Race 2 | Saif Ali Khan, Jacqueline | Benny Dayal, Shalmali | Pritam | Tips.webp"}
{"level":"info","time":"2022-05-03T04:02:43+05:00","message":"[download] Destination: Lat Lag Gayee Lyrical - Race 2 | Saif Ali Khan, Jacqueline | Benny Dayal, Shalmali | Pritam | Tips.webm"}
{"level":"info","time":"2022-05-03T04:02:44+05:00","message":"\r[download]   0.0% of 4.05MiB at 172.68KiB/s ETA 00:24\r[download]   0.1% of 4.05MiB at 504.53KiB/s ETA 00:08\r[download]   0.2% of 4.05MiB at  1.13MiB/s ETA 00:03 \r[download]   0.4% of 4.05MiB at  2.39MiB/s ETA 00:01\r[download]   0.7% of 4.05MiB at  3.00MiB/s ETA 00:01\r[download]   1.5% of 4.05MiB at  1.33MiB/s ETA 00:03\r[download]   3.1% of 4.05MiB at  1.63MiB/s ETA 00:02\r[download]   6.2% of 4.05MiB at  2.58MiB/s ETA 00:01\r[download]  12.3% of 4.05MiB at  1.78MiB/s ETA 00:01\r[download]  24.7% of 4.05MiB at  1.63MiB/s ETA 00:01\r[download]  49.4% of 4.05MiB at  1.89MiB/s ETA 00:01\r[download]  98.8% of 4.05MiB at  2.55MiB/s ETA 00:00\r[download] 100% of 4.05MiB at  2.57MiB/s ETA 00:00  \r[download] 100% of 4.05MiB in 00:02               "}
{"level":"info","time":"2022-05-03T04:02:44+05:00","message":"[ExtractAudio] Destination: Lat Lag Gayee Lyrical - Race 2 | Saif Ali Khan, Jacqueline | Benny Dayal, Shalmali | Pritam | Tips.mp3"}
{"level":"info","time":"2022-05-03T04:02:47+05:00","message":"Deleting original file Lat Lag Gayee Lyrical - Race 2 | Saif Ali Khan, Jacqueline | Benny Dayal, Shalmali | Pritam | Tips.webm (pass -k to keep)"}
{"level":"info","time":"2022-05-03T04:02:47+05:00","message":"[Metadata] Adding metadata to \"Lat Lag Gayee Lyrical - Race 2 | Saif Ali Khan, Jacqueline | Benny Dayal, Shalmali | Pritam | Tips.mp3\""}
{"level":"info","time":"2022-05-03T04:02:47+05:00","message":"[ThumbnailsConvertor] Converting thumbnail \"Lat Lag Gayee Lyrical - Race 2 | Saif Ali Khan, Jacqueline | Benny Dayal, Shalmali | Pritam | Tips.webp\" to png"}
{"level":"info","time":"2022-05-03T04:02:47+05:00","message":"[EmbedThumbnail] ffmpeg: Adding thumbnail to \"Lat Lag Gayee Lyrical - Race 2 | Saif Ali Khan, Jacqueline | Benny Dayal, Shalmali | Pritam | Tips.mp3\""}
{"level":"info","time":"2022-05-03T04:02:47+05:00","message":"Deleting original file Lat Lag Gayee Lyrical - Race 2 | Saif Ali Khan, Jacqueline | Benny Dayal, Shalmali | Pritam | Tips.webp (pass -k to keep)"}
{"level":"info","time":"2022-05-03T04:02:47+05:00","message":"Deleting original file Lat Lag Gayee Lyrical - Race 2 | Saif Ali Khan, Jacqueline | Benny Dayal, Shalmali | Pritam | Tips.png (pass -k to keep)"}
{"level":"info","time":"2022-05-03T04:03:04+05:00","message":"[youtube] FbYDmCzGvEg: Downloading webpage"}
{"level":"info","time":"2022-05-03T07:06:03+05:00","message":"[youtube] f-g_SHNv5NI: Downloading webpage"}
{"level":"info","time":"2022-05-03T07:06:11+05:00","message":"[youtube] f-g_SHNv5NI: Downloading android player API JSON"}
{"level":"info","time":"2022-05-03T07:06:12+05:00","message":"[info] f-g_SHNv5NI: Downloading 1 format(s): 251"}
{"level":"info","time":"2022-05-03T07:06:12+05:00","message":"[info] Downloading video thumbnail 41 ..."}
{"level":"info","time":"2022-05-03T07:06:13+05:00","message":"[info] Writing video thumbnail 41 to: The Weeknd - Save Your Tears | In Your Eyes (Live on The 2020 American Music Awards).webp"}
{"level":"info","time":"2022-05-03T07:06:13+05:00","message":"[download] Destination: The Weeknd - Save Your Tears | In Your Eyes (Live on The 2020 American Music Awards).webm"}
{"level":"info","time":"2022-05-03T07:07:11+05:00","message":"\r[download]   0.0% of 3.64MiB at 13.57KiB/s ETA 04:34\r[download]   0.1% of 3.64MiB at 40.27KiB/s ETA 01:32\r[download]   0.2% of 3.64MiB at 93.03KiB/s ETA 00:40\r[download]   0.4% of 3.64MiB at 196.25KiB/s ETA 00:18\r[download]   0.8% of 3.64MiB at 27.88KiB/s ETA 02:12 \r[download]   1.2% of 3.64MiB at 40.54KiB/s ETA 01:30\r[download]   2.1% of 3.64MiB at 47.79KiB/s ETA 01:16\r[download]   3.7% of 3.64MiB at 52.64KiB/s ETA 01:08\r[download]   5.4% of 3.64MiB at 62.24KiB/s ETA 00:56\r[download]   8.2% of 3.64MiB at 64.00KiB/s ETA 00:53\r[download]  10.1% of 3.64MiB at 44.92KiB/s ETA 01:14\r[download]  11.0% of 3.64MiB at 46.37KiB/s ETA 01:11\r[download]  12.8% of 3.64MiB at 46.50KiB/s ETA 01:09\r[download]  14.0% of 3.64MiB at 48.57KiB/s ETA 01:05\r[download]  16.4% of 3.64MiB at 41.76KiB/s ETA 01:14\r[download]  17.6% of 3.64MiB at 44.76KiB/s ETA 01:08\r[download]  19.9% of 3.64MiB at 38.86KiB/s ETA 01:16\r[download]  21.1% of 3.64MiB at 37.60KiB/s ETA 01:18\r[download]  21.8% of 3.64MiB at 38.71KiB/s ETA 01:15\r[download]  23.1% of 3.64MiB at 39.96KiB/s ETA 01:11\r[download]  25.4% of 3.64MiB at 41.90KiB/s ETA 01:06\r[download]  27.6% of 3.64MiB at 44.60KiB/s ETA 01:00\r[download]  32.0% of 3.64MiB at 49.24KiB/s ETA 00:51\r[download]  35.8% of 3.64MiB at 49.33KiB/s ETA 00:48\r[download]  37.8% of 3.64MiB at 49.05KiB/s ETA 00:47\r[download]  38.9% of 3.64MiB at 47.67KiB/s ETA 00:47\r[download]  39.6% of 3.64MiB at 46.28KiB/s ETA 00:48\r[download]  40.1% of 3.64MiB at 45.93KiB/s ETA 00:48\r[download]  40.8% of 3.64MiB at 45.16KiB/s ETA 00:48\r[download]  41.5% of 3.64MiB at 44.84KiB/s ETA 00:48\r[download]  42.3% of 3.64MiB at 44.13KiB/s ETA 00:48\r[download]  43.0% of 3.64MiB at 44.03KiB/s ETA 00:48\r[download]  44.0% of 3.64MiB at 44.65KiB/s ETA 00:46\r[download]  46.1% of 3.64MiB at 45.92KiB/s ETA 00:43\r[download]  49.2% of 3.64MiB at 47.60KiB/s ETA 00:39\r[download]  52.0% of 3.64MiB at 49.56KiB/s ETA 00:36\r[download]  56.6% of 3.64MiB at 51.84KiB/s ETA 00:31\r[download]  59.5% of 3.64MiB at 52.52KiB/s ETA 00:28\r[download]  61.4% of 3.64MiB at 52.46KiB/s ETA 00:27\r[download]  62.8% of 3.64MiB at 52.06KiB/s ETA 00:26\r[download]  63.8% of 3.64MiB at 52.35KiB/s ETA 00:25\r[download]  65.9% of 3.64MiB at 52.40KiB/s ETA 00:24\r[download]  67.3% of 3.64MiB at 52.71KiB/s ETA 00:23\r[download]  69.3% of 3.64MiB at 53.20KiB/s ETA 00:21\r[download]  71.4% of 3.64MiB at 53.85KiB/s ETA 00:19\r[download]  73.8% of 3.64MiB at 54.51KiB/s ETA 00:17\r[download]  76.1% of 3.64MiB at 53.88KiB/s ETA 00:16\r[download]  77.2% of 3.64MiB at 54.36KiB/s ETA 00:15\r[download]  79.5% of 3.64MiB at 55.02KiB/s ETA 00:13\r[download]  82.0% of 3.64MiB at 55.60KiB/s ETA 00:12\r[download]  84.3% of 3.64MiB at 56.47KiB/s ETA 00:10\r[download]  87.9% of 3.64MiB at 58.28KiB/s ETA 00:07\r[download]  94.0% of 3.64MiB at 61.70KiB/s ETA 00:03\r[download] 100% of 3.64MiB at 65.20KiB/s ETA 00:00  \r[download] 100% of 3.64MiB in 00:57               "}
{"level":"info","time":"2022-05-03T07:07:11+05:00","message":"[ExtractAudio] Destination: The Weeknd - Save Your Tears | In Your Eyes (Live on The 2020 American Music Awards).mp3"}
{"level":"info","time":"2022-05-03T07:07:13+05:00","message":"Deleting original file The Weeknd - Save Your Tears | In Your Eyes (Live on The 2020 American Music Awards).webm (pass -k to keep)"}
{"level":"info","time":"2022-05-03T07:07:13+05:00","message":"[Metadata] Adding metadata to \"The Weeknd - Save Your Tears | In Your Eyes (Live on The 2020 American Music Awards).mp3\""}
{"level":"info","time":"2022-05-03T07:07:13+05:00","message":"[ThumbnailsConvertor] Converting thumbnail \"The Weeknd - Save Your Tears | In Your Eyes (Live on The 2020 American Music Awards).webp\" to png"}
{"level":"info","time":"2022-05-03T07:07:14+05:00","message":"[EmbedThumbnail] ffmpeg: Adding thumbnail to \"The Weeknd - Save Your Tears | In Your Eyes (Live on The 2020 American Music Awards).mp3\""}
{"level":"info","time":"2022-05-03T07:07:14+05:00","message":"Deleting original file The Weeknd - Save Your Tears | In Your Eyes (Live on The 2020 American Music Awards).png (pass -k to keep)"}
{"level":"info","time":"2022-05-03T07:07:14+05:00","message":"Deleting original file The Weeknd - Save Your Tears | In Your Eyes (Live on The 2020 American Music Awards).webp (pass -k to keep)"}
{"level":"info","time":"2022-05-03T07:07:38+05:00","message":"[youtube] fHI8X4OXluQ: Downloading webpage"}
{"level":"info","time":"2022-05-03T07:07:40+05:00","message":"[youtube] fHI8X4OXluQ: Downloading android player API JSON"}
{"level":"info","time":"2022-05-03T07:07:40+05:00","message":"[info] fHI8X4OXluQ: Downloading 1 format(s): 251"}
{"level":"info","time":"2022-05-03T07:07:40+05:00","message":"[info] Downloading video thumbnail 41 ..."}
{"level":"info","time":"2022-05-03T07:07:41+05:00","message":"[info] Writing video thumbnail 41 to: The Weeknd - Blinding Lights (Official Audio).webp"}
{"level":"info","time":"2022-05-03T07:07:41+05:00","message":"[download] Destination: The Weeknd - Blinding Lights (Official Audio).webm"}
